<?xml version="1.0" encoding="UTF-8"?>
<!-- Generated by org.testng.reporters.JUnitReportReporter -->
<testsuite hostname="Mypc" name="testng.TestNGEg1" tests="1" failures="0" timestamp="29 Jun 2018 01:33:52 GMT" time="4.801" errors="0">
  <testcase name="Login" time="4.801" classname="testng.TestNGEg1"/>
</testsuite> <!-- testng.TestNGEg1 -->
