<?xml version="1.0" encoding="UTF-8"?>
<!-- Generated by org.testng.reporters.JUnitReportReporter -->
<testsuite hostname="Mypc" name="grid.gridEg" tests="1" failures="0" timestamp="30 Jun 2018 01:37:53 GMT" time="54.890" errors="0">
  <testcase name="g" time="54.890" classname="grid.gridEg"/>
</testsuite> <!-- grid.gridEg -->
