<?xml version="1.0" encoding="UTF-8"?>
<!-- Generated by org.testng.reporters.JUnitReportReporter -->
<testsuite hostname="Mypc" name="testng.AnnotationsEg" tests="3" failures="0" timestamp="29 Jun 2018 01:21:52 GMT" time="0.113" errors="0">
  <testcase name="function1" time="0.041" classname="testng.AnnotationsEg"/>
  <testcase name="function2" time="0.016" classname="testng.AnnotationsEg"/>
  <testcase name="a" time="0.056" classname="testng.AnnotationsEg"/>
</testsuite> <!-- testng.AnnotationsEg -->
