<?xml version="1.0" encoding="UTF-8"?>
<!-- Generated by org.testng.reporters.JUnitReportReporter -->
<testsuite hostname="Mypc" name="testng.UserregTC_TestNG" tests="1" failures="0" timestamp="29 Jun 2018 02:15:14 GMT" time="21.470" errors="0">
  <testcase name="Org_userreg" time="21.470" classname="testng.UserregTC_TestNG"/>
</testsuite> <!-- testng.UserregTC_TestNG -->
