<?xml version="1.0" encoding="UTF-8"?>
<!-- Generated by org.testng.reporters.JUnitReportReporter -->
<testsuite hostname="Mypc" name="grid.GridEg1" tests="2" failures="0" timestamp="30 Jun 2018 02:02:39 GMT" time="132.343" errors="0">
  <testcase name="gg" time="67.085" classname="grid.GridEg1"/>
  <testcase name="gg" time="65.258" classname="grid.GridEg1"/>
</testsuite> <!-- grid.GridEg1 -->
