<?xml version="1.0" encoding="UTF-8"?>
<!-- Generated by org.testng.reporters.JUnitReportReporter -->
<testsuite hostname="Mypc" name="pom.LoginTC_POM" tests="1" failures="0" timestamp="30 Jun 2018 00:57:24 GMT" time="11.373" errors="0">
  <testcase name="login" time="11.373" classname="pom.LoginTC_POM"/>
</testsuite> <!-- pom.LoginTC_POM -->
