<?xml version="1.0" encoding="UTF-8"?>
<!-- Generated by org.testng.reporters.JUnitReportReporter -->
<testsuite hostname="Mypc" name="testng.EmpRegTC_TestNG" tests="2" failures="0" timestamp="29 Jun 2018 02:29:52 GMT" time="27.850" errors="0">
  <testcase name="Org_Empreg" time="11.590" classname="testng.EmpRegTC_TestNG"/>
  <testcase name="Org_Empreg" time="16.260" classname="testng.EmpRegTC_TestNG"/>
</testsuite> <!-- testng.EmpRegTC_TestNG -->
